{"numTotalTestSuites":5,"numPassedTestSuites":1,"numFailedTestSuites":4,"numPendingTestSuites":0,"numTotalTests":2,"numPassedTests":0,"numFailedTests":1,"numPendingTests":1,"numTodoTests":0,"snapshot":{"added":0,"failure":false,"filesAdded":0,"filesRemoved":0,"filesRemovedList":[],"filesUnmatched":0,"filesUpdated":0,"matched":0,"total":0,"unchecked":0,"uncheckedKeysByFile":[],"unmatched":0,"updated":0,"didUpdate":false},"startTime":1753782444439,"success":false,"testResults":[{"assertionResults":[{"ancestorTitles":["Given an Aave Market","And a user with a supply position","When the user set the supply as collateral"],"fullName":"Given an Aave Market And a user with a supply position When the user set the supply as collateral Then it should be possible to borrow ERC20 from the reserve","status":"skipped","title":"Then it should be possible to borrow ERC20 from the reserve","failureMessages":[],"location":{"line":72,"column":7},"meta":{}},{"ancestorTitles":["Given an Aave Market","And a user with a supply position","When the user set the supply as collateral"],"fullName":"Given an Aave Market And a user with a supply position When the user set the supply as collateral Then it should be possible to borrow native from the reserve","status":"failed","title":"Then it should be possible to borrow native from the reserve","duration":9381.70475,"failureMessages":["InvariantError: Expected result to be Ok: Transaction failed: 0x7668bdf43cedc8b99360b0f3fcf0a5fece7bf7de3dd8e24a876f94ea6b29edaa\n    at S (/Users/juan/AaveCode/aave/aave-sdk/packages/types/src/helpers/assertions.ts:36:11)\n    at /Users/juan/AaveCode/aave/aave-sdk/packages/client/src/actions/borrow.test.ts:181:9\n    at processTicksAndRejections (node:internal/process/task_queues:105:5)\n    at file:///Users/juan/AaveCode/aave/aave-sdk/node_modules/.pnpm/@vitest+runner@3.2.4/node_modules/@vitest/runner/dist/chunk-hooks.js:752:20"],"location":{"line":143,"column":7},"meta":{}}],"startTime":1753782445664,"endTime":1753782455045.7048,"status":"failed","message":"","name":"/Users/juan/AaveCode/aave/aave-sdk/packages/client/src/actions/borrow.test.ts"}]}